<?xml version="1.0" encoding="UTF-8"?>
<!-- Generated by org.testng.reporters.JUnitReportReporter -->
<testsuite hostname="PUN-2CBXJC2" name="com.bcone.punetimetracking.testscripts.PuneTimeTrackingForm" tests="1" failures="0" timestamp="23 Apr 2017 07:06:08 GMT" time="4.717" errors="0">
  <testcase name="submitForm" time="4.717" classname="com.bcone.punetimetracking.testscripts.PuneTimeTrackingForm"/>
</testsuite> <!-- com.bcone.punetimetracking.testscripts.PuneTimeTrackingForm -->
